<?xml version="1.0" encoding="UTF-8"?>
<!-- Generated by org.testng.reporters.JUnitReportReporter -->
<testsuite hostname="NVUPKOOR-58LUQ" name="Examples.NewTest" tests="1" failures="0" timestamp="20 Jun 2016 08:56:32 GMT" time="8.266" errors="0">
  <testcase name="f" time="8.266" classname="Examples.NewTest"/>
</testsuite> <!-- Examples.NewTest -->
